INFO:root:2019-06-06 13:35:44.539511 - Started running app.py
INFO:root:2019-06-06 13:35:44.555138 - Binance API connection established
INFO:root:2019-06-06 13:35:44.555138 - Bittrex API connection established
INFO:root:2019-06-06 13:35:44.924684 - Connected to MySQL database 'alecwood_crypto'
INFO:root:2019-06-06 13:35:46.224972 - Executed SQL statements inserting XVG/BTC spread data into 'binance_bittrex_spreads'
INFO:root:2019-06-06 13:35:46.530640 - Executed SQL statements inserting NXS/BTC spread data into 'binance_bittrex_spreads'
INFO:root:2019-06-06 13:35:46.931713 - Executed SQL statements inserting XRP/BTC spread data into 'binance_bittrex_spreads'
INFO:root:2019-06-06 13:35:47.338475 - Executed SQL statements inserting ETH/USDT spread data into 'binance_bittrex_spreads'
INFO:root:2019-06-06 13:35:47.917940 - Executed SQL statements inserting XMR/USDT spread data into 'binance_bittrex_spreads'
INFO:root:2019-06-06 13:35:48.588194 - Executed SQL statements inserting ADA/BTC spread data into 'binance_bittrex_spreads'
INFO:root:2019-06-06 13:35:49.142390 - Executed SQL statements inserting XRP/USDT spread data into 'binance_bittrex_spreads'
INFO:root:2019-06-06 13:35:49.558277 - Executed SQL statements inserting BCH/BTC spread data into 'binance_bittrex_spreads'
INFO:root:2019-06-06 13:35:50.323252 - Executed SQL statements inserting RVN/BTC spread data into 'binance_bittrex_spreads'
INFO:root:2019-06-06 13:35:51.009973 - Executed SQL statements inserting ENJ/BTC spread data into 'binance_bittrex_spreads'
INFO:root:2019-06-06 13:35:51.811413 - Executed SQL statements inserting ENG/BTC spread data into 'binance_bittrex_spreads'
INFO:root:2019-06-06 13:35:52.497657 - Executed SQL statements inserting ZIL/BTC spread data into 'binance_bittrex_spreads'
INFO:root:2019-06-06 13:35:53.183698 - Executed SQL statements inserting XLM/BTC spread data into 'binance_bittrex_spreads'
INFO:root:2019-06-06 13:35:53.500127 - Executed SQL statements inserting LTC/BTC spread data into 'binance_bittrex_spreads'
INFO:root:2019-06-06 13:35:54.317733 - Executed SQL statements inserting NEO/BTC spread data into 'binance_bittrex_spreads'
INFO:root:2019-06-06 13:35:54.721815 - Executed SQL statements inserting DCR/BTC spread data into 'binance_bittrex_spreads'
INFO:root:2019-06-06 13:35:55.053933 - Executed SQL statements inserting ADA/USDT spread data into 'binance_bittrex_spreads'
INFO:root:2019-06-06 13:35:55.837657 - Executed SQL statements inserting KMD/BTC spread data into 'binance_bittrex_spreads'
INFO:root:2019-06-06 13:35:56.178540 - Executed SQL statements inserting ETC/BTC spread data into 'binance_bittrex_spreads'
INFO:root:2019-06-06 13:35:56.495472 - Executed SQL statements inserting RCN/BTC spread data into 'binance_bittrex_spreads'
INFO:root:2019-06-06 13:35:56.896221 - Executed SQL statements inserting XEM/BTC spread data into 'binance_bittrex_spreads'
INFO:root:2019-06-06 13:35:57.228277 - Executed SQL statements inserting XRP/ETH spread data into 'binance_bittrex_spreads'
INFO:root:2019-06-06 13:35:57.745321 - Executed SQL statements inserting ETC/USDT spread data into 'binance_bittrex_spreads'
INFO:root:2019-06-06 13:35:58.061749 - Executed SQL statements inserting MANA/BTC spread data into 'binance_bittrex_spreads'
INFO:root:2019-06-06 13:35:58.415556 - Executed SQL statements inserting BTC/USDT spread data into 'binance_bittrex_spreads'
INFO:root:2019-06-06 13:35:59.017158 - Executed SQL statements inserting ETH/BTC spread data into 'binance_bittrex_spreads'
INFO:root:2019-06-06 13:35:59.865641 - Executed SQL statements inserting NPXS/BTC spread data into 'binance_bittrex_spreads'
INFO:root:2019-06-06 13:36:00.204211 - Executed SQL statements inserting XMR/BTC spread data into 'binance_bittrex_spreads'
INFO:root:2019-06-06 13:36:00.605282 - Executed SQL statements inserting LTC/USDT spread data into 'binance_bittrex_spreads'
INFO:root:2019-06-06 13:36:00.937329 - Executed SQL statements inserting TRX/BTC spread data into 'binance_bittrex_spreads'
INFO:root:2019-06-06 13:36:01.021965 - Committed all SQL statements inserting pair spreads
INFO:root:2019-06-06 13:36:01.021965 - Finished running app.py
